<?xml version="1.0" encoding="UTF-8"?><testsuite name="Safari_53434_Windows_1356214235275.blockquote highlighter" errors="0" failures="0" tests="1" time="0.005">
<testcase classname="Safari_53434_Windows_1356214235275.blockquote highlighter" name="doesn't change the scroll depth to the top of the first blockquote when jumpToFirstQuote is not true" time="0.005"/>
</testsuite>
